[0.439s] Invoking command in '/home/limdoyeon/CapstoneDesign/ros2_ws/src/four_wheel_robot': PYTHONPATH=/home/limdoyeon/CapstoneDesign/ros2_ws/build/four_wheel_robot/prefix_override:/usr/lib/python3/dist-packages/colcon_core/task/python/colcon_distutils_commands:/home/limdoyeon/CapstoneDesign/ros2_ws/install/four_wheel_robot/lib/python3.10/site-packages:${PYTHONPATH} /usr/bin/python3 -W ignore:setup.py install is deprecated -W ignore:easy_install command is deprecated setup.py egg_info --egg-base ../../build/four_wheel_robot build --build-base /home/limdoyeon/CapstoneDesign/ros2_ws/build/four_wheel_robot/build install --record /home/limdoyeon/CapstoneDesign/ros2_ws/build/four_wheel_robot/install.log --single-version-externally-managed install_data
[0.538s] /home/limdoyeon/.local/lib/python3.10/site-packages/setuptools/_distutils/dist.py:289: UserWarning: Unknown distribution option: 'tests_require'
[0.538s]   warnings.warn(msg)
[0.615s] running egg_info
[0.627s] writing ../../build/four_wheel_robot/four_wheel_robot.egg-info/PKG-INFO
[0.627s] writing dependency_links to ../../build/four_wheel_robot/four_wheel_robot.egg-info/dependency_links.txt
[0.627s] writing entry points to ../../build/four_wheel_robot/four_wheel_robot.egg-info/entry_points.txt
[0.627s] writing requirements to ../../build/four_wheel_robot/four_wheel_robot.egg-info/requires.txt
[0.627s] writing top-level names to ../../build/four_wheel_robot/four_wheel_robot.egg-info/top_level.txt
[0.654s] reading manifest file '../../build/four_wheel_robot/four_wheel_robot.egg-info/SOURCES.txt'
[0.655s] writing manifest file '../../build/four_wheel_robot/four_wheel_robot.egg-info/SOURCES.txt'
[0.655s] running build
[0.656s] running build_py
[0.656s] copying four_wheel_robot/steering_driver_node.py -> /home/limdoyeon/CapstoneDesign/ros2_ws/build/four_wheel_robot/build/lib/four_wheel_robot
[0.656s] copying four_wheel_robot/kinematics_node.py -> /home/limdoyeon/CapstoneDesign/ros2_ws/build/four_wheel_robot/build/lib/four_wheel_robot
[0.656s] copying four_wheel_robot/motor_driver_node.py -> /home/limdoyeon/CapstoneDesign/ros2_ws/build/four_wheel_robot/build/lib/four_wheel_robot
[0.656s] copying four_wheel_robot/teleop_node.py -> /home/limdoyeon/CapstoneDesign/ros2_ws/build/four_wheel_robot/build/lib/four_wheel_robot
[0.656s] copying four_wheel_robot/__init__.py -> /home/limdoyeon/CapstoneDesign/ros2_ws/build/four_wheel_robot/build/lib/four_wheel_robot
[0.656s] running install
[0.659s] running install_lib
[0.672s] running install_data
[0.673s] copying resource/four_wheel_robot -> /home/limdoyeon/CapstoneDesign/ros2_ws/install/four_wheel_robot/share/ament_index/resource_index/packages
[0.673s] copying package.xml -> /home/limdoyeon/CapstoneDesign/ros2_ws/install/four_wheel_robot/share/four_wheel_robot
[0.673s] copying launch/four_wheel_robot.launch.py -> /home/limdoyeon/CapstoneDesign/ros2_ws/install/four_wheel_robot/share/four_wheel_robot/launch
[0.673s] running install_egg_info
[0.686s] removing '/home/limdoyeon/CapstoneDesign/ros2_ws/install/four_wheel_robot/lib/python3.10/site-packages/four_wheel_robot-0.0.0-py3.10.egg-info' (and everything under it)
[0.686s] Copying ../../build/four_wheel_robot/four_wheel_robot.egg-info to /home/limdoyeon/CapstoneDesign/ros2_ws/install/four_wheel_robot/lib/python3.10/site-packages/four_wheel_robot-0.0.0-py3.10.egg-info
[0.686s] running install_scripts
[0.713s] Installing kinematics_node script to /home/limdoyeon/CapstoneDesign/ros2_ws/install/four_wheel_robot/lib/four_wheel_robot
[0.713s] Installing motor_driver_node script to /home/limdoyeon/CapstoneDesign/ros2_ws/install/four_wheel_robot/lib/four_wheel_robot
[0.713s] Installing steering_driver_node script to /home/limdoyeon/CapstoneDesign/ros2_ws/install/four_wheel_robot/lib/four_wheel_robot
[0.713s] Installing teleop_node script to /home/limdoyeon/CapstoneDesign/ros2_ws/install/four_wheel_robot/lib/four_wheel_robot
[0.714s] writing list of installed files to '/home/limdoyeon/CapstoneDesign/ros2_ws/build/four_wheel_robot/install.log'
[0.727s] Invoked command in '/home/limdoyeon/CapstoneDesign/ros2_ws/src/four_wheel_robot' returned '0': PYTHONPATH=/home/limdoyeon/CapstoneDesign/ros2_ws/build/four_wheel_robot/prefix_override:/usr/lib/python3/dist-packages/colcon_core/task/python/colcon_distutils_commands:/home/limdoyeon/CapstoneDesign/ros2_ws/install/four_wheel_robot/lib/python3.10/site-packages:${PYTHONPATH} /usr/bin/python3 -W ignore:setup.py install is deprecated -W ignore:easy_install command is deprecated setup.py egg_info --egg-base ../../build/four_wheel_robot build --build-base /home/limdoyeon/CapstoneDesign/ros2_ws/build/four_wheel_robot/build install --record /home/limdoyeon/CapstoneDesign/ros2_ws/build/four_wheel_robot/install.log --single-version-externally-managed install_data
