[0.321s] Invoking command in '/root/ros2_ws/src/four_wheel_robot': PYTHONPATH=/root/ros2_ws/build/four_wheel_robot/prefix_override:/usr/lib/python3/dist-packages/colcon_core/task/python/colcon_distutils_commands:/root/ros2_ws/install/four_wheel_robot/lib/python3.10/site-packages:${PYTHONPATH} /usr/bin/python3 -W ignore:setup.py install is deprecated -W ignore:easy_install command is deprecated setup.py egg_info --egg-base ../../build/four_wheel_robot build --build-base /root/ros2_ws/build/four_wheel_robot/build install --record /root/ros2_ws/build/four_wheel_robot/install.log --install-scripts $base/lib/four_wheel_robot --single-version-externally-managed install_data
[0.445s] running egg_info
[0.445s] creating ../../build/four_wheel_robot/four_wheel_robot.egg-info
[0.446s] writing ../../build/four_wheel_robot/four_wheel_robot.egg-info/PKG-INFO
[0.446s] writing dependency_links to ../../build/four_wheel_robot/four_wheel_robot.egg-info/dependency_links.txt
[0.446s] writing entry points to ../../build/four_wheel_robot/four_wheel_robot.egg-info/entry_points.txt
[0.446s] writing requirements to ../../build/four_wheel_robot/four_wheel_robot.egg-info/requires.txt
[0.446s] writing top-level names to ../../build/four_wheel_robot/four_wheel_robot.egg-info/top_level.txt
[0.446s] writing manifest file '../../build/four_wheel_robot/four_wheel_robot.egg-info/SOURCES.txt'
[0.447s] reading manifest file '../../build/four_wheel_robot/four_wheel_robot.egg-info/SOURCES.txt'
[0.447s] writing manifest file '../../build/four_wheel_robot/four_wheel_robot.egg-info/SOURCES.txt'
[0.447s] running build
[0.447s] running build_py
[0.447s] creating /root/ros2_ws/build/four_wheel_robot/build
[0.447s] creating /root/ros2_ws/build/four_wheel_robot/build/lib
[0.447s] creating /root/ros2_ws/build/four_wheel_robot/build/lib/four_wheel_robot
[0.447s] copying four_wheel_robot/steering_driver_node.py -> /root/ros2_ws/build/four_wheel_robot/build/lib/four_wheel_robot
[0.447s] copying four_wheel_robot/kinematics_node.py -> /root/ros2_ws/build/four_wheel_robot/build/lib/four_wheel_robot
[0.447s] copying four_wheel_robot/motor_driver_node.py -> /root/ros2_ws/build/four_wheel_robot/build/lib/four_wheel_robot
[0.448s] copying four_wheel_robot/teleop_node.py -> /root/ros2_ws/build/four_wheel_robot/build/lib/four_wheel_robot
[0.448s] copying four_wheel_robot/__init__.py -> /root/ros2_ws/build/four_wheel_robot/build/lib/four_wheel_robot
[0.448s] running install
[0.448s] running install_lib
[0.448s] creating /root/ros2_ws/install/four_wheel_robot/lib/python3.10/site-packages/four_wheel_robot
[0.448s] copying /root/ros2_ws/build/four_wheel_robot/build/lib/four_wheel_robot/steering_driver_node.py -> /root/ros2_ws/install/four_wheel_robot/lib/python3.10/site-packages/four_wheel_robot
[0.448s] copying /root/ros2_ws/build/four_wheel_robot/build/lib/four_wheel_robot/kinematics_node.py -> /root/ros2_ws/install/four_wheel_robot/lib/python3.10/site-packages/four_wheel_robot
[0.448s] copying /root/ros2_ws/build/four_wheel_robot/build/lib/four_wheel_robot/motor_driver_node.py -> /root/ros2_ws/install/four_wheel_robot/lib/python3.10/site-packages/four_wheel_robot
[0.448s] copying /root/ros2_ws/build/four_wheel_robot/build/lib/four_wheel_robot/teleop_node.py -> /root/ros2_ws/install/four_wheel_robot/lib/python3.10/site-packages/four_wheel_robot
[0.448s] copying /root/ros2_ws/build/four_wheel_robot/build/lib/four_wheel_robot/__init__.py -> /root/ros2_ws/install/four_wheel_robot/lib/python3.10/site-packages/four_wheel_robot
[0.449s] byte-compiling /root/ros2_ws/install/four_wheel_robot/lib/python3.10/site-packages/four_wheel_robot/steering_driver_node.py to steering_driver_node.cpython-310.pyc
[0.449s] byte-compiling /root/ros2_ws/install/four_wheel_robot/lib/python3.10/site-packages/four_wheel_robot/kinematics_node.py to kinematics_node.cpython-310.pyc
[0.449s] byte-compiling /root/ros2_ws/install/four_wheel_robot/lib/python3.10/site-packages/four_wheel_robot/motor_driver_node.py to motor_driver_node.cpython-310.pyc
[0.449s] byte-compiling /root/ros2_ws/install/four_wheel_robot/lib/python3.10/site-packages/four_wheel_robot/teleop_node.py to teleop_node.cpython-310.pyc
[0.449s] byte-compiling /root/ros2_ws/install/four_wheel_robot/lib/python3.10/site-packages/four_wheel_robot/__init__.py to __init__.cpython-310.pyc
[0.450s] running install_data
[0.450s] creating /root/ros2_ws/install/four_wheel_robot/share/ament_index
[0.450s] creating /root/ros2_ws/install/four_wheel_robot/share/ament_index/resource_index
[0.450s] creating /root/ros2_ws/install/four_wheel_robot/share/ament_index/resource_index/packages
[0.450s] copying resource/four_wheel_robot -> /root/ros2_ws/install/four_wheel_robot/share/ament_index/resource_index/packages
[0.450s] copying package.xml -> /root/ros2_ws/install/four_wheel_robot/share/four_wheel_robot
[0.450s] running install_egg_info
[0.451s] Copying ../../build/four_wheel_robot/four_wheel_robot.egg-info to /root/ros2_ws/install/four_wheel_robot/lib/python3.10/site-packages/four_wheel_robot-0.0.0-py3.10.egg-info
[0.451s] running install_scripts
[0.464s] Installing kinematics_node script to /root/ros2_ws/install/four_wheel_robot/lib/four_wheel_robot
[0.464s] Installing motor_driver_node script to /root/ros2_ws/install/four_wheel_robot/lib/four_wheel_robot
[0.464s] Installing steering_driver_node script to /root/ros2_ws/install/four_wheel_robot/lib/four_wheel_robot
[0.464s] Installing teleop_node script to /root/ros2_ws/install/four_wheel_robot/lib/four_wheel_robot
[0.464s] writing list of installed files to '/root/ros2_ws/build/four_wheel_robot/install.log'
[0.477s] Invoked command in '/root/ros2_ws/src/four_wheel_robot' returned '0': PYTHONPATH=/root/ros2_ws/build/four_wheel_robot/prefix_override:/usr/lib/python3/dist-packages/colcon_core/task/python/colcon_distutils_commands:/root/ros2_ws/install/four_wheel_robot/lib/python3.10/site-packages:${PYTHONPATH} /usr/bin/python3 -W ignore:setup.py install is deprecated -W ignore:easy_install command is deprecated setup.py egg_info --egg-base ../../build/four_wheel_robot build --build-base /root/ros2_ws/build/four_wheel_robot/build install --record /root/ros2_ws/build/four_wheel_robot/install.log --install-scripts $base/lib/four_wheel_robot --single-version-externally-managed install_data
