/root/ros2_ws/install/four_wheel_robot/lib/python3.10/site-packages/four_wheel_robot/steering_driver_node.py
/root/ros2_ws/install/four_wheel_robot/lib/python3.10/site-packages/four_wheel_robot/kinematics_node.py
/root/ros2_ws/install/four_wheel_robot/lib/python3.10/site-packages/four_wheel_robot/motor_driver_node.py
/root/ros2_ws/install/four_wheel_robot/lib/python3.10/site-packages/four_wheel_robot/teleop_node.py
/root/ros2_ws/install/four_wheel_robot/lib/python3.10/site-packages/four_wheel_robot/__init__.py
/root/ros2_ws/install/four_wheel_robot/lib/python3.10/site-packages/four_wheel_robot/__pycache__/steering_driver_node.cpython-310.pyc
/root/ros2_ws/install/four_wheel_robot/lib/python3.10/site-packages/four_wheel_robot/__pycache__/kinematics_node.cpython-310.pyc
/root/ros2_ws/install/four_wheel_robot/lib/python3.10/site-packages/four_wheel_robot/__pycache__/motor_driver_node.cpython-310.pyc
/root/ros2_ws/install/four_wheel_robot/lib/python3.10/site-packages/four_wheel_robot/__pycache__/teleop_node.cpython-310.pyc
/root/ros2_ws/install/four_wheel_robot/lib/python3.10/site-packages/four_wheel_robot/__pycache__/__init__.cpython-310.pyc
/root/ros2_ws/install/four_wheel_robot/share/ament_index/resource_index/packages/four_wheel_robot
/root/ros2_ws/install/four_wheel_robot/share/four_wheel_robot/package.xml
/root/ros2_ws/install/four_wheel_robot/lib/python3.10/site-packages/four_wheel_robot-0.0.0-py3.10.egg-info/entry_points.txt
/root/ros2_ws/install/four_wheel_robot/lib/python3.10/site-packages/four_wheel_robot-0.0.0-py3.10.egg-info/requires.txt
/root/ros2_ws/install/four_wheel_robot/lib/python3.10/site-packages/four_wheel_robot-0.0.0-py3.10.egg-info/top_level.txt
/root/ros2_ws/install/four_wheel_robot/lib/python3.10/site-packages/four_wheel_robot-0.0.0-py3.10.egg-info/SOURCES.txt
/root/ros2_ws/install/four_wheel_robot/lib/python3.10/site-packages/four_wheel_robot-0.0.0-py3.10.egg-info/zip-safe
/root/ros2_ws/install/four_wheel_robot/lib/python3.10/site-packages/four_wheel_robot-0.0.0-py3.10.egg-info/PKG-INFO
/root/ros2_ws/install/four_wheel_robot/lib/python3.10/site-packages/four_wheel_robot-0.0.0-py3.10.egg-info/dependency_links.txt
/root/ros2_ws/install/four_wheel_robot/lib/four_wheel_robot/kinematics_node
/root/ros2_ws/install/four_wheel_robot/lib/four_wheel_robot/motor_driver_node
/root/ros2_ws/install/four_wheel_robot/lib/four_wheel_robot/steering_driver_node
/root/ros2_ws/install/four_wheel_robot/lib/four_wheel_robot/teleop_node
