[0.412s] Invoking command in '/home/limdoyeon/CapstoneDesign/ros2_ws/src/four_wheel_robot': PYTHONPATH=/home/limdoyeon/CapstoneDesign/ros2_ws/build/four_wheel_robot/prefix_override:/usr/lib/python3/dist-packages/colcon_core/task/python/colcon_distutils_commands:/home/limdoyeon/CapstoneDesign/ros2_ws/install/four_wheel_robot/lib/python3.10/site-packages:${PYTHONPATH} /usr/bin/python3 -W ignore:setup.py install is deprecated -W ignore:easy_install command is deprecated setup.py egg_info --egg-base ../../build/four_wheel_robot build --build-base /home/limdoyeon/CapstoneDesign/ros2_ws/build/four_wheel_robot/build install --record /home/limdoyeon/CapstoneDesign/ros2_ws/build/four_wheel_robot/install.log --single-version-externally-managed install_data
[0.512s] /home/limdoyeon/.local/lib/python3.10/site-packages/setuptools/_distutils/dist.py:289: UserWarning: Unknown distribution option: 'tests_require'
[0.512s]   warnings.warn(msg)
[0.584s] running egg_info
[0.596s] writing ../../build/four_wheel_robot/four_wheel_robot.egg-info/PKG-INFO
[0.596s] writing dependency_links to ../../build/four_wheel_robot/four_wheel_robot.egg-info/dependency_links.txt
[0.596s] writing requirements to ../../build/four_wheel_robot/four_wheel_robot.egg-info/requires.txt
[0.596s] writing top-level names to ../../build/four_wheel_robot/four_wheel_robot.egg-info/top_level.txt
[0.621s] reading manifest file '../../build/four_wheel_robot/four_wheel_robot.egg-info/SOURCES.txt'
[0.622s] writing manifest file '../../build/four_wheel_robot/four_wheel_robot.egg-info/SOURCES.txt'
[0.622s] running build
[0.622s] running build_py
[0.622s] copying four_wheel_robot/steering_driver_node.py -> /home/limdoyeon/CapstoneDesign/ros2_ws/build/four_wheel_robot/build/lib/four_wheel_robot
[0.622s] copying four_wheel_robot/kinematics_node.py -> /home/limdoyeon/CapstoneDesign/ros2_ws/build/four_wheel_robot/build/lib/four_wheel_robot
[0.623s] copying four_wheel_robot/motor_driver_node.py -> /home/limdoyeon/CapstoneDesign/ros2_ws/build/four_wheel_robot/build/lib/four_wheel_robot
[0.623s] copying four_wheel_robot/teleop_node.py -> /home/limdoyeon/CapstoneDesign/ros2_ws/build/four_wheel_robot/build/lib/four_wheel_robot
[0.623s] copying four_wheel_robot/__init__.py -> /home/limdoyeon/CapstoneDesign/ros2_ws/build/four_wheel_robot/build/lib/four_wheel_robot
[0.623s] running install
[0.625s] running install_lib
[0.639s] running install_data
[0.639s] copying resource/four_wheel_robot -> /home/limdoyeon/CapstoneDesign/ros2_ws/install/four_wheel_robot/share/ament_index/resource_index/packages
[0.639s] copying package.xml -> /home/limdoyeon/CapstoneDesign/ros2_ws/install/four_wheel_robot/share/four_wheel_robot
[0.640s] running install_egg_info
[0.653s] removing '/home/limdoyeon/CapstoneDesign/ros2_ws/install/four_wheel_robot/lib/python3.10/site-packages/four_wheel_robot-0.0.0-py3.10.egg-info' (and everything under it)
[0.653s] Copying ../../build/four_wheel_robot/four_wheel_robot.egg-info to /home/limdoyeon/CapstoneDesign/ros2_ws/install/four_wheel_robot/lib/python3.10/site-packages/four_wheel_robot-0.0.0-py3.10.egg-info
[0.653s] running install_scripts
[0.678s] writing list of installed files to '/home/limdoyeon/CapstoneDesign/ros2_ws/build/four_wheel_robot/install.log'
[0.693s] Invoked command in '/home/limdoyeon/CapstoneDesign/ros2_ws/src/four_wheel_robot' returned '0': PYTHONPATH=/home/limdoyeon/CapstoneDesign/ros2_ws/build/four_wheel_robot/prefix_override:/usr/lib/python3/dist-packages/colcon_core/task/python/colcon_distutils_commands:/home/limdoyeon/CapstoneDesign/ros2_ws/install/four_wheel_robot/lib/python3.10/site-packages:${PYTHONPATH} /usr/bin/python3 -W ignore:setup.py install is deprecated -W ignore:easy_install command is deprecated setup.py egg_info --egg-base ../../build/four_wheel_robot build --build-base /home/limdoyeon/CapstoneDesign/ros2_ws/build/four_wheel_robot/build install --record /home/limdoyeon/CapstoneDesign/ros2_ws/build/four_wheel_robot/install.log --single-version-externally-managed install_data
