[0.067s] DEBUG:colcon:Command line arguments: ['/usr/bin/colcon', 'build', '--packages-select', 'four_wheel_robot']
[0.068s] DEBUG:colcon:Parsed command line arguments: Namespace(log_base=None, log_level=None, verb_name='build', build_base='build', install_base='install', merge_install=False, symlink_install=False, test_result_base=None, continue_on_error=False, executor='parallel', parallel_workers=16, event_handlers=None, ignore_user_meta=False, metas=['./colcon.meta'], base_paths=['.'], packages_ignore=None, packages_ignore_regex=None, paths=None, packages_up_to=None, packages_up_to_regex=None, packages_above=None, packages_above_and_dependencies=None, packages_above_depth=None, packages_select_by_dep=None, packages_skip_by_dep=None, packages_skip_up_to=None, packages_select_build_failed=False, packages_skip_build_finished=False, packages_select_test_failures=False, packages_skip_test_passed=False, packages_select=['four_wheel_robot'], packages_skip=None, packages_select_regex=None, packages_skip_regex=None, packages_start=None, packages_end=None, allow_overriding=[], cmake_args=None, cmake_target=None, cmake_target_skip_unavailable=False, cmake_clean_cache=False, cmake_clean_first=False, cmake_force_configure=False, ament_cmake_args=None, catkin_cmake_args=None, catkin_skip_building_tests=False, mixin_files=None, mixin=None, verb_parser=<colcon_mixin.mixin.mixin_argument.MixinArgumentDecorator object at 0x79a8c73ec310>, verb_extension=<colcon_core.verb.build.BuildVerb object at 0x79a8c74f1de0>, main=<bound method BuildVerb.main of <colcon_core.verb.build.BuildVerb object at 0x79a8c74f1de0>>, mixin_verb=('build',))
[0.090s] Level 1:colcon.colcon_core.package_discovery:discover_packages(colcon_meta) check parameters
[0.090s] Level 1:colcon.colcon_core.package_discovery:discover_packages(recursive) check parameters
[0.090s] Level 1:colcon.colcon_core.package_discovery:discover_packages(ignore) check parameters
[0.090s] Level 1:colcon.colcon_core.package_discovery:discover_packages(path) check parameters
[0.090s] Level 1:colcon.colcon_core.package_discovery:discover_packages(colcon_meta) discover
[0.090s] Level 1:colcon.colcon_core.package_discovery:discover_packages(recursive) discover
[0.090s] INFO:colcon.colcon_core.package_discovery:Crawling recursively for packages in '/home/limdoyeon/CapstoneDesign/ros2_ws'
[0.090s] Level 1:colcon.colcon_core.package_identification:_identify(.) by extensions ['ignore', 'ignore_ament_install']
[0.090s] Level 1:colcon.colcon_core.package_identification:_identify(.) by extension 'ignore'
[0.090s] Level 1:colcon.colcon_core.package_identification:_identify(.) by extension 'ignore_ament_install'
[0.090s] Level 1:colcon.colcon_core.package_identification:_identify(.) by extensions ['colcon_pkg']
[0.090s] Level 1:colcon.colcon_core.package_identification:_identify(.) by extension 'colcon_pkg'
[0.090s] Level 1:colcon.colcon_core.package_identification:_identify(.) by extensions ['colcon_meta']
[0.090s] Level 1:colcon.colcon_core.package_identification:_identify(.) by extension 'colcon_meta'
[0.090s] Level 1:colcon.colcon_core.package_identification:_identify(.) by extensions ['ros']
[0.090s] Level 1:colcon.colcon_core.package_identification:_identify(.) by extension 'ros'
[0.104s] Level 1:colcon.colcon_core.package_identification:_identify(.) by extensions ['cmake', 'python']
[0.104s] Level 1:colcon.colcon_core.package_identification:_identify(.) by extension 'cmake'
[0.104s] Level 1:colcon.colcon_core.package_identification:_identify(.) by extension 'python'
[0.104s] Level 1:colcon.colcon_core.package_identification:_identify(.) by extensions ['python_setup_py']
[0.104s] Level 1:colcon.colcon_core.package_identification:_identify(.) by extension 'python_setup_py'
[0.104s] Level 1:colcon.colcon_core.package_identification:_identify(build) by extensions ['ignore', 'ignore_ament_install']
[0.104s] Level 1:colcon.colcon_core.package_identification:_identify(build) by extension 'ignore'
[0.104s] Level 1:colcon.colcon_core.package_identification:_identify(build) ignored
[0.104s] Level 1:colcon.colcon_core.package_identification:_identify(install) by extensions ['ignore', 'ignore_ament_install']
[0.104s] Level 1:colcon.colcon_core.package_identification:_identify(install) by extension 'ignore'
[0.104s] Level 1:colcon.colcon_core.package_identification:_identify(install) ignored
[0.105s] Level 1:colcon.colcon_core.package_identification:_identify(log) by extensions ['ignore', 'ignore_ament_install']
[0.105s] Level 1:colcon.colcon_core.package_identification:_identify(log) by extension 'ignore'
[0.105s] Level 1:colcon.colcon_core.package_identification:_identify(log) ignored
[0.105s] Level 1:colcon.colcon_core.package_identification:_identify(src) by extensions ['ignore', 'ignore_ament_install']
[0.105s] Level 1:colcon.colcon_core.package_identification:_identify(src) by extension 'ignore'
[0.105s] Level 1:colcon.colcon_core.package_identification:_identify(src) by extension 'ignore_ament_install'
[0.105s] Level 1:colcon.colcon_core.package_identification:_identify(src) by extensions ['colcon_pkg']
[0.105s] Level 1:colcon.colcon_core.package_identification:_identify(src) by extension 'colcon_pkg'
[0.105s] Level 1:colcon.colcon_core.package_identification:_identify(src) by extensions ['colcon_meta']
[0.105s] Level 1:colcon.colcon_core.package_identification:_identify(src) by extension 'colcon_meta'
[0.105s] Level 1:colcon.colcon_core.package_identification:_identify(src) by extensions ['ros']
[0.105s] Level 1:colcon.colcon_core.package_identification:_identify(src) by extension 'ros'
[0.105s] Level 1:colcon.colcon_core.package_identification:_identify(src) by extensions ['cmake', 'python']
[0.105s] Level 1:colcon.colcon_core.package_identification:_identify(src) by extension 'cmake'
[0.105s] Level 1:colcon.colcon_core.package_identification:_identify(src) by extension 'python'
[0.105s] Level 1:colcon.colcon_core.package_identification:_identify(src) by extensions ['python_setup_py']
[0.105s] Level 1:colcon.colcon_core.package_identification:_identify(src) by extension 'python_setup_py'
[0.105s] Level 1:colcon.colcon_core.package_identification:_identify(src/four_wheel_robot) by extensions ['ignore', 'ignore_ament_install']
[0.105s] Level 1:colcon.colcon_core.package_identification:_identify(src/four_wheel_robot) by extension 'ignore'
[0.105s] Level 1:colcon.colcon_core.package_identification:_identify(src/four_wheel_robot) by extension 'ignore_ament_install'
[0.105s] Level 1:colcon.colcon_core.package_identification:_identify(src/four_wheel_robot) by extensions ['colcon_pkg']
[0.105s] Level 1:colcon.colcon_core.package_identification:_identify(src/four_wheel_robot) by extension 'colcon_pkg'
[0.105s] Level 1:colcon.colcon_core.package_identification:_identify(src/four_wheel_robot) by extensions ['colcon_meta']
[0.105s] Level 1:colcon.colcon_core.package_identification:_identify(src/four_wheel_robot) by extension 'colcon_meta'
[0.105s] Level 1:colcon.colcon_core.package_identification:_identify(src/four_wheel_robot) by extensions ['ros']
[0.105s] Level 1:colcon.colcon_core.package_identification:_identify(src/four_wheel_robot) by extension 'ros'
[0.106s] DEBUG:colcon.colcon_core.package_identification:Package 'src/four_wheel_robot' with type 'ros.ament_python' and name 'four_wheel_robot'
[0.106s] Level 1:colcon.colcon_core.package_identification:_identify(src/lift_system) by extensions ['ignore', 'ignore_ament_install']
[0.107s] Level 1:colcon.colcon_core.package_identification:_identify(src/lift_system) by extension 'ignore'
[0.107s] Level 1:colcon.colcon_core.package_identification:_identify(src/lift_system) by extension 'ignore_ament_install'
[0.107s] Level 1:colcon.colcon_core.package_identification:_identify(src/lift_system) by extensions ['colcon_pkg']
[0.107s] Level 1:colcon.colcon_core.package_identification:_identify(src/lift_system) by extension 'colcon_pkg'
[0.107s] Level 1:colcon.colcon_core.package_identification:_identify(src/lift_system) by extensions ['colcon_meta']
[0.107s] Level 1:colcon.colcon_core.package_identification:_identify(src/lift_system) by extension 'colcon_meta'
[0.107s] Level 1:colcon.colcon_core.package_identification:_identify(src/lift_system) by extensions ['ros']
[0.107s] Level 1:colcon.colcon_core.package_identification:_identify(src/lift_system) by extension 'ros'
[0.107s] DEBUG:colcon.colcon_core.package_identification:Package 'src/lift_system' with type 'ros.ament_python' and name 'lift_system'
[0.107s] Level 1:colcon.colcon_core.package_identification:_identify(src/telescopic_system) by extensions ['ignore', 'ignore_ament_install']
[0.107s] Level 1:colcon.colcon_core.package_identification:_identify(src/telescopic_system) by extension 'ignore'
[0.107s] Level 1:colcon.colcon_core.package_identification:_identify(src/telescopic_system) by extension 'ignore_ament_install'
[0.107s] Level 1:colcon.colcon_core.package_identification:_identify(src/telescopic_system) by extensions ['colcon_pkg']
[0.107s] Level 1:colcon.colcon_core.package_identification:_identify(src/telescopic_system) by extension 'colcon_pkg'
[0.107s] Level 1:colcon.colcon_core.package_identification:_identify(src/telescopic_system) by extensions ['colcon_meta']
[0.107s] Level 1:colcon.colcon_core.package_identification:_identify(src/telescopic_system) by extension 'colcon_meta'
[0.107s] Level 1:colcon.colcon_core.package_identification:_identify(src/telescopic_system) by extensions ['ros']
[0.107s] Level 1:colcon.colcon_core.package_identification:_identify(src/telescopic_system) by extension 'ros'
[0.107s] DEBUG:colcon.colcon_core.package_identification:Package 'src/telescopic_system' with type 'ros.ament_python' and name 'telescopic_system'
[0.107s] Level 1:colcon.colcon_core.package_discovery:discover_packages(recursive) using defaults
[0.107s] Level 1:colcon.colcon_core.package_discovery:discover_packages(ignore) discover
[0.107s] Level 1:colcon.colcon_core.package_discovery:discover_packages(ignore) using defaults
[0.107s] Level 1:colcon.colcon_core.package_discovery:discover_packages(path) discover
[0.107s] Level 1:colcon.colcon_core.package_discovery:discover_packages(path) using defaults
[0.119s] INFO:colcon.colcon_core.package_selection:Skipping not selected package 'lift_system' in 'src/lift_system'
[0.119s] INFO:colcon.colcon_core.package_selection:Skipping not selected package 'telescopic_system' in 'src/telescopic_system'
[0.119s] Level 1:colcon.colcon_core.package_discovery:discover_packages(prefix_path) check parameters
[0.119s] Level 1:colcon.colcon_core.package_discovery:discover_packages(prefix_path) discover
[0.120s] DEBUG:colcon.colcon_installed_package_information.package_discovery:Found 1 installed packages in /home/limdoyeon/CapstoneDesign/ros2_ws/install
[0.121s] DEBUG:colcon.colcon_installed_package_information.package_discovery:Found 404 installed packages in /opt/ros/humble
[0.122s] Level 1:colcon.colcon_core.package_discovery:discover_packages(prefix_path) using defaults
[0.151s] Level 5:colcon.colcon_core.verb:set package 'four_wheel_robot' build argument 'cmake_args' from command line to 'None'
[0.151s] Level 5:colcon.colcon_core.verb:set package 'four_wheel_robot' build argument 'cmake_target' from command line to 'None'
[0.151s] Level 5:colcon.colcon_core.verb:set package 'four_wheel_robot' build argument 'cmake_target_skip_unavailable' from command line to 'False'
[0.151s] Level 5:colcon.colcon_core.verb:set package 'four_wheel_robot' build argument 'cmake_clean_cache' from command line to 'False'
[0.151s] Level 5:colcon.colcon_core.verb:set package 'four_wheel_robot' build argument 'cmake_clean_first' from command line to 'False'
[0.151s] Level 5:colcon.colcon_core.verb:set package 'four_wheel_robot' build argument 'cmake_force_configure' from command line to 'False'
[0.151s] Level 5:colcon.colcon_core.verb:set package 'four_wheel_robot' build argument 'ament_cmake_args' from command line to 'None'
[0.151s] Level 5:colcon.colcon_core.verb:set package 'four_wheel_robot' build argument 'catkin_cmake_args' from command line to 'None'
[0.151s] Level 5:colcon.colcon_core.verb:set package 'four_wheel_robot' build argument 'catkin_skip_building_tests' from command line to 'False'
[0.151s] DEBUG:colcon.colcon_core.verb:Building package 'four_wheel_robot' with the following arguments: {'ament_cmake_args': None, 'build_base': '/home/limdoyeon/CapstoneDesign/ros2_ws/build/four_wheel_robot', 'catkin_cmake_args': None, 'catkin_skip_building_tests': False, 'cmake_args': None, 'cmake_clean_cache': False, 'cmake_clean_first': False, 'cmake_force_configure': False, 'cmake_target': None, 'cmake_target_skip_unavailable': False, 'install_base': '/home/limdoyeon/CapstoneDesign/ros2_ws/install/four_wheel_robot', 'merge_install': False, 'path': '/home/limdoyeon/CapstoneDesign/ros2_ws/src/four_wheel_robot', 'symlink_install': False, 'test_result_base': None}
[0.151s] INFO:colcon.colcon_core.executor:Executing jobs using 'parallel' executor
[0.152s] DEBUG:colcon.colcon_parallel_executor.executor.parallel:run_until_complete
[0.152s] INFO:colcon.colcon_ros.task.ament_python.build:Building ROS package in '/home/limdoyeon/CapstoneDesign/ros2_ws/src/four_wheel_robot' with build type 'ament_python'
[0.152s] Level 1:colcon.colcon_core.shell:create_environment_hook('four_wheel_robot', 'ament_prefix_path')
[0.153s] INFO:colcon.colcon_core.plugin_system:Skipping extension 'colcon_core.shell.bat': Not used on non-Windows systems
[0.154s] INFO:colcon.colcon_core.shell:Creating environment hook '/home/limdoyeon/CapstoneDesign/ros2_ws/install/four_wheel_robot/share/four_wheel_robot/hook/ament_prefix_path.ps1'
[0.154s] INFO:colcon.colcon_core.shell:Creating environment descriptor '/home/limdoyeon/CapstoneDesign/ros2_ws/install/four_wheel_robot/share/four_wheel_robot/hook/ament_prefix_path.dsv'
[0.154s] INFO:colcon.colcon_core.shell:Creating environment hook '/home/limdoyeon/CapstoneDesign/ros2_ws/install/four_wheel_robot/share/four_wheel_robot/hook/ament_prefix_path.sh'
[0.155s] INFO:colcon.colcon_core.shell:Skip shell extension 'powershell' for command environment: Not usable outside of PowerShell
[0.155s] DEBUG:colcon.colcon_core.shell:Skip shell extension 'dsv' for command environment
[0.285s] INFO:colcon.colcon_core.task.python.build:Building Python package in '/home/limdoyeon/CapstoneDesign/ros2_ws/src/four_wheel_robot'
[0.286s] INFO:colcon.colcon_core.shell:Skip shell extension 'powershell' for command environment: Not usable outside of PowerShell
[0.286s] DEBUG:colcon.colcon_core.shell:Skip shell extension 'dsv' for command environment
[0.551s] DEBUG:colcon.colcon_core.event_handler.log_command:Invoking command in '/home/limdoyeon/CapstoneDesign/ros2_ws/src/four_wheel_robot': PYTHONPATH=/home/limdoyeon/CapstoneDesign/ros2_ws/build/four_wheel_robot/prefix_override:/usr/lib/python3/dist-packages/colcon_core/task/python/colcon_distutils_commands:/home/limdoyeon/CapstoneDesign/ros2_ws/install/four_wheel_robot/lib/python3.10/site-packages:${PYTHONPATH} /usr/bin/python3 -W ignore:setup.py install is deprecated -W ignore:easy_install command is deprecated setup.py egg_info --egg-base ../../build/four_wheel_robot build --build-base /home/limdoyeon/CapstoneDesign/ros2_ws/build/four_wheel_robot/build install --record /home/limdoyeon/CapstoneDesign/ros2_ws/build/four_wheel_robot/install.log --single-version-externally-managed install_data
[0.826s] DEBUG:colcon.colcon_core.event_handler.log_command:Invoked command in '/home/limdoyeon/CapstoneDesign/ros2_ws/src/four_wheel_robot' returned '0': PYTHONPATH=/home/limdoyeon/CapstoneDesign/ros2_ws/build/four_wheel_robot/prefix_override:/usr/lib/python3/dist-packages/colcon_core/task/python/colcon_distutils_commands:/home/limdoyeon/CapstoneDesign/ros2_ws/install/four_wheel_robot/lib/python3.10/site-packages:${PYTHONPATH} /usr/bin/python3 -W ignore:setup.py install is deprecated -W ignore:easy_install command is deprecated setup.py egg_info --egg-base ../../build/four_wheel_robot build --build-base /home/limdoyeon/CapstoneDesign/ros2_ws/build/four_wheel_robot/build install --record /home/limdoyeon/CapstoneDesign/ros2_ws/build/four_wheel_robot/install.log --single-version-externally-managed install_data
[0.828s] Level 1:colcon.colcon_core.environment:checking '/home/limdoyeon/CapstoneDesign/ros2_ws/install/four_wheel_robot' for CMake module files
[0.829s] Level 1:colcon.colcon_core.environment:checking '/home/limdoyeon/CapstoneDesign/ros2_ws/install/four_wheel_robot' for CMake config files
[0.829s] Level 1:colcon.colcon_core.environment:checking '/home/limdoyeon/CapstoneDesign/ros2_ws/install/four_wheel_robot/lib'
[0.830s] Level 1:colcon.colcon_core.environment:checking '/home/limdoyeon/CapstoneDesign/ros2_ws/install/four_wheel_robot/bin'
[0.830s] Level 1:colcon.colcon_core.environment:checking '/home/limdoyeon/CapstoneDesign/ros2_ws/install/four_wheel_robot/lib/pkgconfig/four_wheel_robot.pc'
[0.830s] Level 1:colcon.colcon_core.environment:checking '/home/limdoyeon/CapstoneDesign/ros2_ws/install/four_wheel_robot/lib/python3.10/site-packages'
[0.830s] Level 1:colcon.colcon_core.shell:create_environment_hook('four_wheel_robot', 'pythonpath')
[0.830s] INFO:colcon.colcon_core.shell:Creating environment hook '/home/limdoyeon/CapstoneDesign/ros2_ws/install/four_wheel_robot/share/four_wheel_robot/hook/pythonpath.ps1'
[0.831s] INFO:colcon.colcon_core.shell:Creating environment descriptor '/home/limdoyeon/CapstoneDesign/ros2_ws/install/four_wheel_robot/share/four_wheel_robot/hook/pythonpath.dsv'
[0.831s] INFO:colcon.colcon_core.shell:Creating environment hook '/home/limdoyeon/CapstoneDesign/ros2_ws/install/four_wheel_robot/share/four_wheel_robot/hook/pythonpath.sh'
[0.831s] Level 1:colcon.colcon_core.environment:checking '/home/limdoyeon/CapstoneDesign/ros2_ws/install/four_wheel_robot/bin'
[0.831s] Level 1:colcon.colcon_core.environment:create_environment_scripts_only(four_wheel_robot)
[0.831s] INFO:colcon.colcon_core.shell:Creating package script '/home/limdoyeon/CapstoneDesign/ros2_ws/install/four_wheel_robot/share/four_wheel_robot/package.ps1'
[0.832s] INFO:colcon.colcon_core.shell:Creating package descriptor '/home/limdoyeon/CapstoneDesign/ros2_ws/install/four_wheel_robot/share/four_wheel_robot/package.dsv'
[0.832s] INFO:colcon.colcon_core.shell:Creating package script '/home/limdoyeon/CapstoneDesign/ros2_ws/install/four_wheel_robot/share/four_wheel_robot/package.sh'
[0.833s] INFO:colcon.colcon_core.shell:Creating package script '/home/limdoyeon/CapstoneDesign/ros2_ws/install/four_wheel_robot/share/four_wheel_robot/package.bash'
[0.833s] INFO:colcon.colcon_core.shell:Creating package script '/home/limdoyeon/CapstoneDesign/ros2_ws/install/four_wheel_robot/share/four_wheel_robot/package.zsh'
[0.833s] Level 1:colcon.colcon_core.environment:create_file_with_runtime_dependencies(/home/limdoyeon/CapstoneDesign/ros2_ws/install/four_wheel_robot/share/colcon-core/packages/four_wheel_robot)
[0.834s] DEBUG:colcon.colcon_parallel_executor.executor.parallel:closing loop
[0.834s] DEBUG:colcon.colcon_parallel_executor.executor.parallel:loop closed
[0.834s] DEBUG:colcon.colcon_parallel_executor.executor.parallel:run_until_complete finished with '0'
[0.834s] DEBUG:colcon.colcon_core.event_reactor:joining thread
[0.839s] INFO:colcon.colcon_core.plugin_system:Skipping extension 'colcon_notification.desktop_notification.terminal_notifier': Not used on non-Darwin systems
[0.839s] INFO:colcon.colcon_core.plugin_system:Skipping extension 'colcon_notification.desktop_notification.win32': Not used on non-Windows systems
[0.839s] INFO:colcon.colcon_notification.desktop_notification:Sending desktop notification using 'notify2'
[0.878s] DEBUG:colcon.colcon_core.event_reactor:joined thread
[0.878s] INFO:colcon.colcon_core.shell:Creating prefix script '/home/limdoyeon/CapstoneDesign/ros2_ws/install/local_setup.ps1'
[0.879s] INFO:colcon.colcon_core.shell:Creating prefix util module '/home/limdoyeon/CapstoneDesign/ros2_ws/install/_local_setup_util_ps1.py'
[0.879s] INFO:colcon.colcon_core.shell:Creating prefix chain script '/home/limdoyeon/CapstoneDesign/ros2_ws/install/setup.ps1'
[0.880s] INFO:colcon.colcon_core.shell:Creating prefix script '/home/limdoyeon/CapstoneDesign/ros2_ws/install/local_setup.sh'
[0.881s] INFO:colcon.colcon_core.shell:Creating prefix util module '/home/limdoyeon/CapstoneDesign/ros2_ws/install/_local_setup_util_sh.py'
[0.881s] INFO:colcon.colcon_core.shell:Creating prefix chain script '/home/limdoyeon/CapstoneDesign/ros2_ws/install/setup.sh'
[0.882s] INFO:colcon.colcon_core.shell:Creating prefix script '/home/limdoyeon/CapstoneDesign/ros2_ws/install/local_setup.bash'
[0.882s] INFO:colcon.colcon_core.shell:Creating prefix chain script '/home/limdoyeon/CapstoneDesign/ros2_ws/install/setup.bash'
[0.882s] INFO:colcon.colcon_core.shell:Creating prefix script '/home/limdoyeon/CapstoneDesign/ros2_ws/install/local_setup.zsh'
[0.883s] INFO:colcon.colcon_core.shell:Creating prefix chain script '/home/limdoyeon/CapstoneDesign/ros2_ws/install/setup.zsh'
