[0.410s] Invoking command in '/home/limdoyeon/CapstoneDesign/ros2_ws/src/four_wheel_robot': PYTHONPATH=/home/limdoyeon/CapstoneDesign/ros2_ws/build/four_wheel_robot/prefix_override:/usr/lib/python3/dist-packages/colcon_core/task/python/colcon_distutils_commands:/home/limdoyeon/CapstoneDesign/ros2_ws/install/four_wheel_robot/lib/python3.10/site-packages:${PYTHONPATH} /usr/bin/python3 -W ignore:setup.py install is deprecated -W ignore:easy_install command is deprecated setup.py egg_info --egg-base ../../build/four_wheel_robot build --build-base /home/limdoyeon/CapstoneDesign/ros2_ws/build/four_wheel_robot/build install --record /home/limdoyeon/CapstoneDesign/ros2_ws/build/four_wheel_robot/install.log --single-version-externally-managed install_data
[0.507s] /home/limdoyeon/.local/lib/python3.10/site-packages/setuptools/_distutils/dist.py:289: UserWarning: Unknown distribution option: 'tests_require'
[0.507s]   warnings.warn(msg)
[0.588s] running egg_info
[0.607s] writing ../../build/four_wheel_robot/four_wheel_robot.egg-info/PKG-INFO
[0.607s] writing dependency_links to ../../build/four_wheel_robot/four_wheel_robot.egg-info/dependency_links.txt
[0.607s] writing entry points to ../../build/four_wheel_robot/four_wheel_robot.egg-info/entry_points.txt
[0.608s] writing requirements to ../../build/four_wheel_robot/four_wheel_robot.egg-info/requires.txt
[0.608s] writing top-level names to ../../build/four_wheel_robot/four_wheel_robot.egg-info/top_level.txt
[0.637s] reading manifest file '../../build/four_wheel_robot/four_wheel_robot.egg-info/SOURCES.txt'
[0.638s] writing manifest file '../../build/four_wheel_robot/four_wheel_robot.egg-info/SOURCES.txt'
[0.638s] running build
[0.638s] running build_py
[0.638s] copying four_wheel_robot/steering_driver_node.py -> /home/limdoyeon/CapstoneDesign/ros2_ws/build/four_wheel_robot/build/lib/four_wheel_robot
[0.638s] copying four_wheel_robot/kinematics_node.py -> /home/limdoyeon/CapstoneDesign/ros2_ws/build/four_wheel_robot/build/lib/four_wheel_robot
[0.638s] copying four_wheel_robot/motor_driver_node.py -> /home/limdoyeon/CapstoneDesign/ros2_ws/build/four_wheel_robot/build/lib/four_wheel_robot
[0.638s] copying four_wheel_robot/Z_motor_test.py -> /home/limdoyeon/CapstoneDesign/ros2_ws/build/four_wheel_robot/build/lib/four_wheel_robot
[0.638s] copying four_wheel_robot/teleop_node.py -> /home/limdoyeon/CapstoneDesign/ros2_ws/build/four_wheel_robot/build/lib/four_wheel_robot
[0.638s] copying four_wheel_robot/Z_steering_test.py -> /home/limdoyeon/CapstoneDesign/ros2_ws/build/four_wheel_robot/build/lib/four_wheel_robot
[0.638s] copying four_wheel_robot/__init__.py -> /home/limdoyeon/CapstoneDesign/ros2_ws/build/four_wheel_robot/build/lib/four_wheel_robot
[0.639s] running install
[0.641s] running install_lib
[0.654s] copying /home/limdoyeon/CapstoneDesign/ros2_ws/build/four_wheel_robot/build/lib/four_wheel_robot/motor_driver_node.py -> /home/limdoyeon/CapstoneDesign/ros2_ws/install/four_wheel_robot/lib/python3.10/site-packages/four_wheel_robot
[0.654s] byte-compiling /home/limdoyeon/CapstoneDesign/ros2_ws/install/four_wheel_robot/lib/python3.10/site-packages/four_wheel_robot/motor_driver_node.py to motor_driver_node.cpython-310.pyc
[0.656s] Sorry: IndentationError: expected an indented block after function definition on line 522 (motor_driver_node.py, line 522)
[0.656s] running install_data
[0.656s] copying resource/four_wheel_robot -> /home/limdoyeon/CapstoneDesign/ros2_ws/install/four_wheel_robot/share/ament_index/resource_index/packages
[0.656s] copying package.xml -> /home/limdoyeon/CapstoneDesign/ros2_ws/install/four_wheel_robot/share/four_wheel_robot
[0.656s] copying launch/four_wheel_robot.launch.py -> /home/limdoyeon/CapstoneDesign/ros2_ws/install/four_wheel_robot/share/four_wheel_robot/launch
[0.656s] running install_egg_info
[0.669s] removing '/home/limdoyeon/CapstoneDesign/ros2_ws/install/four_wheel_robot/lib/python3.10/site-packages/four_wheel_robot-0.0.0-py3.10.egg-info' (and everything under it)
[0.669s] Copying ../../build/four_wheel_robot/four_wheel_robot.egg-info to /home/limdoyeon/CapstoneDesign/ros2_ws/install/four_wheel_robot/lib/python3.10/site-packages/four_wheel_robot-0.0.0-py3.10.egg-info
[0.670s] running install_scripts
[0.695s] Installing kinematics_node script to /home/limdoyeon/CapstoneDesign/ros2_ws/install/four_wheel_robot/lib/four_wheel_robot
[0.695s] Installing motor_driver_node script to /home/limdoyeon/CapstoneDesign/ros2_ws/install/four_wheel_robot/lib/four_wheel_robot
[0.695s] Installing steering_driver_node script to /home/limdoyeon/CapstoneDesign/ros2_ws/install/four_wheel_robot/lib/four_wheel_robot
[0.695s] Installing teleop_node script to /home/limdoyeon/CapstoneDesign/ros2_ws/install/four_wheel_robot/lib/four_wheel_robot
[0.695s] writing list of installed files to '/home/limdoyeon/CapstoneDesign/ros2_ws/build/four_wheel_robot/install.log'
[0.708s] Invoked command in '/home/limdoyeon/CapstoneDesign/ros2_ws/src/four_wheel_robot' returned '0': PYTHONPATH=/home/limdoyeon/CapstoneDesign/ros2_ws/build/four_wheel_robot/prefix_override:/usr/lib/python3/dist-packages/colcon_core/task/python/colcon_distutils_commands:/home/limdoyeon/CapstoneDesign/ros2_ws/install/four_wheel_robot/lib/python3.10/site-packages:${PYTHONPATH} /usr/bin/python3 -W ignore:setup.py install is deprecated -W ignore:easy_install command is deprecated setup.py egg_info --egg-base ../../build/four_wheel_robot build --build-base /home/limdoyeon/CapstoneDesign/ros2_ws/build/four_wheel_robot/build install --record /home/limdoyeon/CapstoneDesign/ros2_ws/build/four_wheel_robot/install.log --single-version-externally-managed install_data
