/home/limdoyeon/CapstoneDesign/ros2_ws/install/four_wheel_robot/lib/python3.10/site-packages/four_wheel_robot/steering_driver_node.py
/home/limdoyeon/CapstoneDesign/ros2_ws/install/four_wheel_robot/lib/python3.10/site-packages/four_wheel_robot/kinematics_node.py
/home/limdoyeon/CapstoneDesign/ros2_ws/install/four_wheel_robot/lib/python3.10/site-packages/four_wheel_robot/motor_driver_node.py
/home/limdoyeon/CapstoneDesign/ros2_ws/install/four_wheel_robot/lib/python3.10/site-packages/four_wheel_robot/teleop_node.py
/home/limdoyeon/CapstoneDesign/ros2_ws/install/four_wheel_robot/lib/python3.10/site-packages/four_wheel_robot/__init__.py
/home/limdoyeon/CapstoneDesign/ros2_ws/install/four_wheel_robot/lib/python3.10/site-packages/four_wheel_robot/__pycache__/steering_driver_node.cpython-310.pyc
/home/limdoyeon/CapstoneDesign/ros2_ws/install/four_wheel_robot/lib/python3.10/site-packages/four_wheel_robot/__pycache__/kinematics_node.cpython-310.pyc
/home/limdoyeon/CapstoneDesign/ros2_ws/install/four_wheel_robot/lib/python3.10/site-packages/four_wheel_robot/__pycache__/motor_driver_node.cpython-310.pyc
/home/limdoyeon/CapstoneDesign/ros2_ws/install/four_wheel_robot/lib/python3.10/site-packages/four_wheel_robot/__pycache__/teleop_node.cpython-310.pyc
/home/limdoyeon/CapstoneDesign/ros2_ws/install/four_wheel_robot/lib/python3.10/site-packages/four_wheel_robot/__pycache__/__init__.cpython-310.pyc
/home/limdoyeon/CapstoneDesign/ros2_ws/install/four_wheel_robot/share/ament_index/resource_index/packages/four_wheel_robot
/home/limdoyeon/CapstoneDesign/ros2_ws/install/four_wheel_robot/share/four_wheel_robot/package.xml
/home/limdoyeon/CapstoneDesign/ros2_ws/install/four_wheel_robot/share/four_wheel_robot/launch/four_wheel_robot.launch.py
/home/limdoyeon/CapstoneDesign/ros2_ws/install/four_wheel_robot/lib/python3.10/site-packages/four_wheel_robot-0.0.0-py3.10.egg-info/entry_points.txt
/home/limdoyeon/CapstoneDesign/ros2_ws/install/four_wheel_robot/lib/python3.10/site-packages/four_wheel_robot-0.0.0-py3.10.egg-info/requires.txt
/home/limdoyeon/CapstoneDesign/ros2_ws/install/four_wheel_robot/lib/python3.10/site-packages/four_wheel_robot-0.0.0-py3.10.egg-info/top_level.txt
/home/limdoyeon/CapstoneDesign/ros2_ws/install/four_wheel_robot/lib/python3.10/site-packages/four_wheel_robot-0.0.0-py3.10.egg-info/SOURCES.txt
/home/limdoyeon/CapstoneDesign/ros2_ws/install/four_wheel_robot/lib/python3.10/site-packages/four_wheel_robot-0.0.0-py3.10.egg-info/zip-safe
/home/limdoyeon/CapstoneDesign/ros2_ws/install/four_wheel_robot/lib/python3.10/site-packages/four_wheel_robot-0.0.0-py3.10.egg-info/PKG-INFO
/home/limdoyeon/CapstoneDesign/ros2_ws/install/four_wheel_robot/lib/python3.10/site-packages/four_wheel_robot-0.0.0-py3.10.egg-info/dependency_links.txt
/home/limdoyeon/CapstoneDesign/ros2_ws/install/four_wheel_robot/lib/four_wheel_robot/kinematics_node
/home/limdoyeon/CapstoneDesign/ros2_ws/install/four_wheel_robot/lib/four_wheel_robot/motor_driver_node
/home/limdoyeon/CapstoneDesign/ros2_ws/install/four_wheel_robot/lib/four_wheel_robot/steering_driver_node
/home/limdoyeon/CapstoneDesign/ros2_ws/install/four_wheel_robot/lib/four_wheel_robot/teleop_node
